
############################ diana - 08/13/20 08:02:55 EST ############################


############################ diana - 08/13/20 08:03:15 EST ############################


############################ diana - 09/01/20 00:05:01 EST ############################

warning: unable to unlink '.git/objects/32/bcd20cc91c834c565371449efc6359e600667e': Permission denied
warning: unable to unlink '.git/objects/3e/b1427579925e41f320c7d63fadf94752ed1589': Permission denied
warning: unable to unlink '.git/objects/65/d4cae1fd54abfff3a401706233320da5380237': Permission denied
warning: unable to unlink '.git/objects/73/7c094110017a330069836fa8f231b5d577acf3': Permission denied
warning: unable to unlink '.git/objects/a0/d24b2fa2743035b980f88d9d138bdbbf6b40c6': Permission denied
warning: unable to unlink '.git/objects/b6/177249c23deea4ed569cb5af8dba107fc14a57': Permission denied
warning: unable to unlink '.git/objects/dc/aaa2c0f189770e02e1833b08711c8326628a48': Permission denied
warning: unable to unlink '.git/objects/e9/7da058be9e962c82e76230a9e47ba6a500876e': Permission denied
warning: unable to unlink '.git/objects/32/bcd20cc91c834c565371449efc6359e600667e': Permission denied
warning: unable to unlink '.git/objects/3e/b1427579925e41f320c7d63fadf94752ed1589': Permission denied
warning: unable to unlink '.git/objects/65/d4cae1fd54abfff3a401706233320da5380237': Permission denied
warning: unable to unlink '.git/objects/73/7c094110017a330069836fa8f231b5d577acf3': Permission denied
warning: unable to unlink '.git/objects/a0/d24b2fa2743035b980f88d9d138bdbbf6b40c6': Permission denied
warning: unable to unlink '.git/objects/b6/177249c23deea4ed569cb5af8dba107fc14a57': Permission denied
warning: unable to unlink '.git/objects/dc/aaa2c0f189770e02e1833b08711c8326628a48': Permission denied
warning: unable to unlink '.git/objects/e9/7da058be9e962c82e76230a9e47ba6a500876e': Permission denied
############################ bita - 06/26/21 00:28:55 EST ############################
fatal: not a git repository (or any of the parent directories): .git
############################ bita - 06/26/21 00:29:22 EST ############################
