
############## mia - 03/29/21 00:25:38 EST -0500 ##############

2021-03-30 00:05:49 284 packets transmitted, 282 received, 0% packet loss, time 84911163ms
2021-03-30 00:05:49 rtt min/avg/max/mdev = 38.872/63.406/499.389/39.310 ms

############## mia - 03/30/21 00:25:38 EST -0500 ##############

2021-03-31 00:05:47 284 packets transmitted, 270 received, 4% packet loss, time 84909679ms
2021-03-31 00:05:47 rtt min/avg/max/mdev = 37.659/117.970/15327.399/928.241 ms

############## mia - 04/01/21 00:25:40 EST -0500 ##############

2021-04-02 00:00:52 284 packets transmitted, 284 received, 0% packet loss, time 84911709ms
2021-04-02 00:00:52 rtt min/avg/max/mdev = 29.237/47.115/127.342/13.987 ms

############## mia - 04/02/21 00:25:44 EST -0500 ##############

2021-04-03 00:00:56 284 packets transmitted, 284 received, 0% packet loss, time 84911717ms
2021-04-03 00:00:56 rtt min/avg/max/mdev = 31.791/55.819/473.682/29.118 ms

############## mia - 04/03/21 00:25:44 EST -0500 ##############

2021-04-04 00:00:56 284 packets transmitted, 284 received, 0% packet loss, time 84911582ms
2021-04-04 00:00:56 rtt min/avg/max/mdev = 31.801/41.588/102.310/8.937 ms

############## mia - 04/04/21 00:25:46 EST -0500 ##############

2021-04-05 00:00:57 284 packets transmitted, 284 received, 0% packet loss, time 84910968ms
2021-04-05 00:00:57 rtt min/avg/max/mdev = 31.767/48.909/241.980/16.793 ms

############## mia - 04/05/21 00:25:46 EST -0500 ##############

2021-04-06 00:00:57 284 packets transmitted, 284 received, 0% packet loss, time 84910792ms
2021-04-06 00:00:57 rtt min/avg/max/mdev = 27.825/42.697/95.397/8.496 ms

############## mia - 04/06/21 00:25:48 EST -0500 ##############

2021-04-07 00:01:00 284 packets transmitted, 284 received, 0% packet loss, time 84912392ms
2021-04-07 00:01:00 rtt min/avg/max/mdev = 29.768/44.658/246.171/19.775 ms

############## mia - 04/07/21 00:25:48 EST -0500 ##############

2021-04-08 00:01:00 284 packets transmitted, 284 received, 0% packet loss, time 84912230ms
2021-04-08 00:01:00 rtt min/avg/max/mdev = 28.431/44.211/247.058/15.936 ms

############## mia - 04/09/21 00:25:49 EST -0500 ##############

2021-04-10 00:01:02 284 packets transmitted, 284 received, 0% packet loss, time 84912098ms
2021-04-10 00:01:02 rtt min/avg/max/mdev = 29.104/42.822/107.830/10.614 ms

############## mia - 04/10/21 00:25:51 EST -0500 ##############

2021-04-11 00:01:02 284 packets transmitted, 284 received, 0% packet loss, time 84911081ms
2021-04-11 00:01:02 rtt min/avg/max/mdev = 31.523/42.354/98.611/9.400 ms

############## mia - 04/11/21 00:25:53 EST -0500 ##############

2021-04-12 00:01:06 284 packets transmitted, 284 received, 0% packet loss, time 84912589ms
2021-04-12 00:01:06 rtt min/avg/max/mdev = 28.381/43.297/236.788/15.676 ms

############## mia - 04/12/21 00:25:55 EST -0500 ##############

2021-04-13 00:01:07 284 packets transmitted, 284 received, 0% packet loss, time 84911357ms
2021-04-13 00:01:07 rtt min/avg/max/mdev = 33.551/58.319/121.407/14.760 ms

############## mia - 04/13/21 00:25:54 EST -0500 ##############

2021-04-14 00:01:05 284 packets transmitted, 284 received, 0% packet loss, time 84911318ms
2021-04-14 00:01:05 rtt min/avg/max/mdev = 30.026/42.195/111.259/9.781 ms

############## mia - 04/14/21 00:25:55 EST -0500 ##############

2021-04-15 00:01:06 284 packets transmitted, 284 received, 0% packet loss, time 84911464ms
2021-04-15 00:01:06 rtt min/avg/max/mdev = 29.840/43.819/129.779/12.387 ms

############## mia - 04/15/21 00:25:57 EST -0500 ##############

2021-04-16 00:01:08 284 packets transmitted, 284 received, 0% packet loss, time 84911410ms
2021-04-16 00:01:08 rtt min/avg/max/mdev = 29.270/44.136/232.529/16.188 ms

############## mia - 04/16/21 00:25:58 EST -0500 ##############

2021-04-17 00:01:08 284 packets transmitted, 284 received, 0% packet loss, time 84910295ms
2021-04-17 00:01:08 rtt min/avg/max/mdev = 28.975/48.619/126.384/13.760 ms

############## mia - 04/17/21 00:25:59 EST -0500 ##############

2021-04-18 00:01:11 284 packets transmitted, 284 received, 0% packet loss, time 84911852ms
2021-04-18 00:01:11 rtt min/avg/max/mdev = 29.245/46.864/493.768/29.866 ms

############## mia - 04/18/21 00:25:58 EST -0500 ##############

2021-04-19 00:01:10 284 packets transmitted, 284 received, 0% packet loss, time 84911382ms
2021-04-19 00:01:10 rtt min/avg/max/mdev = 32.047/49.167/289.046/20.576 ms

############## mia - 04/19/21 00:26:00 EST -0500 ##############

2021-04-20 00:01:12 284 packets transmitted, 284 received, 0% packet loss, time 84911724ms
2021-04-20 00:01:12 rtt min/avg/max/mdev = 30.474/44.507/111.750/12.651 ms

############## mia - 04/20/21 00:26:05 EST -0500 ##############

2021-04-21 00:01:16 284 packets transmitted, 284 received, 0% packet loss, time 84911466ms
2021-04-21 00:01:16 rtt min/avg/max/mdev = 29.796/45.029/123.936/14.481 ms

############## mia - 04/21/21 00:26:04 EST -0500 ##############

2021-04-22 00:06:15 284 packets transmitted, 283 received, 0% packet loss, time 84911098ms
2021-04-22 00:06:15 rtt min/avg/max/mdev = 31.830/46.884/119.010/12.229 ms

############## mia - 04/22/21 00:26:04 EST -0500 ##############

2021-04-23 00:01:16 284 packets transmitted, 284 received, 0% packet loss, time 84911154ms
2021-04-23 00:01:16 rtt min/avg/max/mdev = 30.893/45.365/114.843/12.483 ms

############## mia - 04/23/21 00:26:06 EST -0500 ##############

2021-04-24 00:01:18 284 packets transmitted, 284 received, 0% packet loss, time 84912439ms
2021-04-24 00:01:18 rtt min/avg/max/mdev = 28.932/48.652/185.353/14.452 ms

############## mia - 04/24/21 00:26:07 EST -0500 ##############

2021-04-25 00:01:19 284 packets transmitted, 284 received, 0% packet loss, time 84911793ms
2021-04-25 00:01:19 rtt min/avg/max/mdev = 27.504/44.640/114.912/12.950 ms

############## mia - 04/25/21 00:26:07 EST -0500 ##############

2021-04-26 00:01:17 284 packets transmitted, 284 received, 0% packet loss, time 84910559ms
2021-04-26 00:01:17 rtt min/avg/max/mdev = 28.987/43.840/109.321/11.813 ms

############## mia - 04/26/21 00:26:10 EST -0500 ##############

2021-04-27 00:01:20 284 packets transmitted, 284 received, 0% packet loss, time 84910404ms
2021-04-27 00:01:20 rtt min/avg/max/mdev = 29.664/42.877/87.145/8.616 ms

############## mia - 04/27/21 00:26:13 EST -0500 ##############

2021-04-28 00:01:24 284 packets transmitted, 284 received, 0% packet loss, time 84910938ms
2021-04-28 00:01:24 rtt min/avg/max/mdev = 31.567/44.226/132.403/12.627 ms

############## mia - 04/28/21 00:26:10 EST -0500 ##############

2021-04-29 00:01:21 284 packets transmitted, 284 received, 0% packet loss, time 84911477ms
2021-04-29 00:01:22 rtt min/avg/max/mdev = 30.951/43.660/93.898/8.270 ms

############## mia - 04/30/21 00:26:13 EST -0500 ##############

2021-05-01 00:01:25 284 packets transmitted, 284 received, 0% packet loss, time 84911323ms
2021-05-01 00:01:25 rtt min/avg/max/mdev = 29.526/45.209/131.379/11.659 ms

############## mia - 05/01/21 00:26:13 EST -0500 ##############

2021-05-02 00:01:26 284 packets transmitted, 284 received, 0% packet loss, time 84912486ms
2021-05-02 00:01:26 rtt min/avg/max/mdev = 31.132/46.628/285.783/21.699 ms

############## mia - 06/24/21 00:27:06 EST -0500 ##############

tail: cannot open '/data/mia-logs/ping-full.log' for reading: No such file or directory

############## mia - 06/25/21 00:27:06 EST -0500 ##############

2021-06-26 00:02:19 284 packets transmitted, 284 received, 0% packet loss, time 84912744ms
2021-06-26 00:02:19 rtt min/avg/max/mdev = 30.405/45.164/106.111/10.178 ms

############## mia - 06/26/21 00:27:08 EST -0500 ##############

2021-06-27 00:02:20 284 packets transmitted, 284 received, 0% packet loss, time 84911743ms
2021-06-27 00:02:20 rtt min/avg/max/mdev = 30.112/52.155/738.753/42.655 ms

############## mia - 06/27/21 00:27:08 EST -0500 ##############

2021-06-28 00:02:19 284 packets transmitted, 284 received, 0% packet loss, time 84911151ms
2021-06-28 00:02:19 rtt min/avg/max/mdev = 31.389/49.124/139.462/12.745 ms

############## mia - 07/03/21 00:27:14 EST -0500 ##############

2021-07-04 00:08:49 284 packets transmitted, 270 received, 4% packet loss, time 84995471ms
2021-07-04 00:08:49 rtt min/avg/max/mdev = 42.922/412.205/5265.913/606.429 ms

############## mia - 07/04/21 00:27:15 EST -0500 ##############

2021-07-05 00:08:40 284 packets transmitted, 254 received, 10% packet loss, time 84985082ms
2021-07-05 00:08:40 rtt min/avg/max/mdev = 43.294/620.855/11607.720/1037.334 ms

############## mia - 07/05/21 00:27:18 EST -0500 ##############

2021-07-06 00:08:08 284 packets transmitted, 275 received, 3% packet loss, time 84949443ms
2021-07-06 00:08:08 rtt min/avg/max/mdev = 52.275/489.713/16729.358/1347.254 ms

############## mia - 07/06/21 00:27:17 EST -0500 ##############

2021-07-07 00:07:41 284 packets transmitted, 273 received, 3% packet loss, time 84923872ms
2021-07-07 00:07:41 rtt min/avg/max/mdev = 44.838/338.707/3559.144/471.555 ms

############## mia - 07/10/21 00:27:22 EST -0500 ##############

2021-07-11 00:08:01 284 packets transmitted, 269 received, +1 errors, 5% packet loss, time 84939205ms
2021-07-11 00:08:01 rtt min/avg/max/mdev = 33.036/253.818/8992.777/854.306 ms
