[master bdf9669] Tue Oct 20 12:26:40 EST 2020
 1 file changed, 1 insertion(+)
 create mode 100644 bita
Current branch master is up to date.
To github.com:FLARE-forecast/FCRE-data.git
   df530cf..bdf9669  master -> master
[master b7e11f5] Tue Oct 20 12:27:12 EST 2020
 1 file changed, 1 insertion(+), 1 deletion(-)
From github.com:FLARE-forecast/FCRE-data
   bdf9669..4e04b21  master     -> origin/master
First, rewinding head to replay your work on top of it...
Applying: Tue Oct 20 12:27:12 EST 2020
To github.com:FLARE-forecast/FCRE-data.git
   4e04b21..698030f  master -> master
[master c648601] Wed Oct 21 00:21:21 EST 2020
 1 file changed, 1 insertion(+), 1 deletion(-)
From github.com:FLARE-forecast/FCRE-data
   698030f..e9119d4  master     -> origin/master
First, rewinding head to replay your work on top of it...
Applying: Wed Oct 21 00:21:21 EST 2020
To github.com:FLARE-forecast/FCRE-data.git
   e9119d4..7c6ee98  master -> master
[master 11e41bb] Wed Oct 21 08:21:20 EST 2020
 1 file changed, 1 insertion(+), 1 deletion(-)
Current branch master is up to date.
To github.com:FLARE-forecast/FCRE-data.git
   7c6ee98..11e41bb  master -> master
